This is pdfTeX, Version 3.1415926-1.40.8-alpha-20080323 (MiKTeX 2.7) (preloaded format=pdflatex 2010.7.27)  22 JUN 2011 14:34
entering extended mode
**C:/Documents*and*Settings/Primary/Desktop/regs*paper/regs*report.tex
("C:/Documents and Settings/Primary/Desktop/regs paper/regs report.tex"
LaTeX2e <2005/12/01>
Babel <v3.8j> and hyphenation patterns for english, dumylang, nohyphenation, ge
rman, ngerman, french, loaded.
("C:\Program Files\MiKTeX 2.7\basic\tex\latex\base\article.cls"
Document Class: article 2005/09/16 v1.4f Standard LaTeX document class
("C:\Program Files\MiKTeX 2.7\basic\tex\latex\base\size11.clo"
File: size11.clo 2005/09/16 v1.4f Standard LaTeX file (size option)
)
\c@part=\count79
\c@section=\count80
\c@subsection=\count81
\c@subsubsection=\count82
\c@paragraph=\count83
\c@subparagraph=\count84
\c@figure=\count85
\c@table=\count86
\abovecaptionskip=\skip41
\belowcaptionskip=\skip42
\bibindent=\dimen102
)
("C:\Program Files\MiKTeX 2.7\basic\tex\latex\amsmath\amsmath.sty"
Package: amsmath 2000/07/18 v2.13 AMS math features
\@mathmargin=\skip43

For additional information on amsmath, use the `?' option.
("C:\Program Files\MiKTeX 2.7\basic\tex\latex\amsmath\amstext.sty"
Package: amstext 2000/06/29 v2.01

("C:\Program Files\MiKTeX 2.7\basic\tex\latex\amsmath\amsgen.sty"
File: amsgen.sty 1999/11/30 v2.0
\@emptytoks=\toks14
\ex@=\dimen103
))
("C:\Program Files\MiKTeX 2.7\basic\tex\latex\amsmath\amsbsy.sty"
Package: amsbsy 1999/11/29 v1.2d
\pmbraise@=\dimen104
)
("C:\Program Files\MiKTeX 2.7\basic\tex\latex\amsmath\amsopn.sty"
Package: amsopn 1999/12/14 v2.01 operator names
)
\inf@bad=\count87
LaTeX Info: Redefining \frac on input line 211.
\uproot@=\count88
\leftroot@=\count89
LaTeX Info: Redefining \overline on input line 307.
\classnum@=\count90
\DOTSCASE@=\count91
LaTeX Info: Redefining \ldots on input line 379.
LaTeX Info: Redefining \dots on input line 382.
LaTeX Info: Redefining \cdots on input line 467.
\Mathstrutbox@=\box26
\strutbox@=\box27
\big@size=\dimen105
LaTeX Font Info:    Redeclaring font encoding OML on input line 567.
LaTeX Font Info:    Redeclaring font encoding OMS on input line 568.
\macc@depth=\count92
\c@MaxMatrixCols=\count93
\dotsspace@=\muskip10
\c@parentequation=\count94
\dspbrk@lvl=\count95
\tag@help=\toks15
\row@=\count96
\column@=\count97
\maxfields@=\count98
\andhelp@=\toks16
\eqnshift@=\dimen106
\alignsep@=\dimen107
\tagshift@=\dimen108
\tagwidth@=\dimen109
\totwidth@=\dimen110
\lineht@=\dimen111
\@envbody=\toks17
\multlinegap=\skip44
\multlinetaggap=\skip45
\mathdisplay@stack=\toks18
LaTeX Info: Redefining \[ on input line 2666.
LaTeX Info: Redefining \] on input line 2667.
)
("C:\Program Files\MiKTeX 2.7\basic\tex\latex\amsfonts\amssymb.sty"
Package: amssymb 2002/01/22 v2.2d

("C:\Program Files\MiKTeX 2.7\basic\tex\latex\amsfonts\amsfonts.sty"
Package: amsfonts 2001/10/25 v2.2f
\symAMSa=\mathgroup4
\symAMSb=\mathgroup5
LaTeX Font Info:    Overwriting math alphabet `\mathfrak' in version `bold'
(Font)                  U/euf/m/n --> U/euf/b/n on input line 132.
))
("C:\Program Files\MiKTeX 2.7\basic\tex\latex\amscls\amsthm.sty"
Package: amsthm 2004/08/06 v2.20
\thm@style=\toks19
\thm@bodyfont=\toks20
\thm@headfont=\toks21
\thm@notefont=\toks22
\thm@headpunct=\toks23
\thm@preskip=\skip46
\thm@postskip=\skip47
\thm@headsep=\skip48
\dth@everypar=\toks24
)
("C:\Program Files\MiKTeX 2.7\basic\tex\latex\graphics\graphicx.sty"
Package: graphicx 1999/02/16 v1.0f Enhanced LaTeX Graphics (DPC,SPQR)

("C:\Program Files\MiKTeX 2.7\basic\tex\latex\graphics\keyval.sty"
Package: keyval 1999/03/16 v1.13 key=value parser (DPC)
\KV@toks@=\toks25
)
("C:\Program Files\MiKTeX 2.7\basic\tex\latex\graphics\graphics.sty"
Package: graphics 2006/02/20 v1.0o Standard LaTeX Graphics (DPC,SPQR)

("C:\Program Files\MiKTeX 2.7\basic\tex\latex\graphics\trig.sty"
Package: trig 1999/03/16 v1.09 sin cos tan (DPC)
)
("C:\Program Files\MiKTeX 2.7\basic\tex\latex\00miktex\graphics.cfg"
File: graphics.cfg 2007/01/18 v1.5 graphics configuration of teTeX/TeXLive
)
Package graphics Info: Driver file: pdftex.def on input line 90.

("C:\Program Files\MiKTeX 2.7\basic\tex\latex\graphics\pdftex.def"
File: pdftex.def 2007/06/12 v0.04h Graphics/color for pdfTeX
\Gread@gobject=\count99
))
\Gin@req@height=\dimen112
\Gin@req@width=\dimen113
)
\c@theorem=\count100

("regs report.aux")
LaTeX Font Info:    Checking defaults for OML/cmm/m/it on input line 21.
LaTeX Font Info:    ... okay on input line 21.
LaTeX Font Info:    Checking defaults for T1/cmr/m/n on input line 21.
LaTeX Font Info:    ... okay on input line 21.
LaTeX Font Info:    Checking defaults for OT1/cmr/m/n on input line 21.
LaTeX Font Info:    ... okay on input line 21.
LaTeX Font Info:    Checking defaults for OMS/cmsy/m/n on input line 21.
LaTeX Font Info:    ... okay on input line 21.
LaTeX Font Info:    Checking defaults for OMX/cmex/m/n on input line 21.
LaTeX Font Info:    ... okay on input line 21.
LaTeX Font Info:    Checking defaults for U/cmr/m/n on input line 21.
LaTeX Font Info:    ... okay on input line 21.

("C:\Program Files\MiKTeX 2.7\basic\tex\context\base\supp-pdf.tex"
[Loading MPS to PDF converter (version 2006.09.02).]
\scratchcounter=\count101
\scratchdimen=\dimen114
\scratchbox=\box28
\nofMPsegments=\count102
\nofMParguments=\count103
\everyMPshowfont=\toks26
\MPscratchCnt=\count104
\MPscratchDim=\dimen115
\MPnumerator=\count105
\everyMPtoPDFconversion=\toks27
)
LaTeX Font Info:    Try loading font information for U+msa on input line 24.
 ("C:\Program Files\MiKTeX 2.7\basic\tex\latex\amsfonts\umsa.fd"
File: umsa.fd 2002/01/19 v2.2g AMS font definitions
)
LaTeX Font Info:    Try loading font information for U+msb on input line 24.

("C:\Program Files\MiKTeX 2.7\basic\tex\latex\amsfonts\umsb.fd"
File: umsb.fd 2002/01/19 v2.2g AMS font definitions
)
Overfull \hbox (53.9778pt too wide) in paragraph at lines 24--24
 [][] 
 []

("regs report.toc")
\tf@toc=\write3
 [1

{C:/Documents and Settings/All Users/Application Data/MiKTeX/2.7/pdftex/config/
pdftex.map}]

LaTeX Warning: Citation `tabachnikov' on page 2 undefined on input line 37.


LaTeX Warning: Citation `ivrii' on page 2 undefined on input line 44.


LaTeX Warning: Citation `birkhoff' on page 2 undefined on input line 51.

[2]

LaTeX Warning: Citation `rychlik' on page 3 undefined on input line 64.


LaTeX Warning: Citation `stojanov' on page 3 undefined on input line 64.


LaTeX Warning: Citation `vorobetz' on page 3 undefined on input line 66.


LaTeX Warning: Citation `genin' on page 3 undefined on input line 67.


LaTeX Warning: Citation `tumanov' on page 3 undefined on input line 67.


LaTeX Warning: Citation `ymb' on page 3 undefined on input line 67.

<hyperbolic.jpg, id=17, 247.67531pt x 213.79875pt>
File: hyperbolic.jpg Graphic file (type jpg)
 <use hyperbolic.jpg>
[3] [4 <hyperbolic.jpg>]
Overfull \hbox (18.94606pt too wide) detected at line 168
[] \OT1/cmr/m/n/10.95 = 2 [](\OML/cmm/m/it/10.95 []\OT1/cmr/m/n/10.95 ) [](\OM
L/cmm/m/it/10.95 []\OT1/cmr/m/n/10.95 ) = []\OML/cmm/m/it/10.95 :
 []

<spherical.jpg, id=29, 185.94469pt x 184.43906pt>
File: spherical.jpg Graphic file (type jpg)
 <use spherical.jpg> [5]
[6 <spherical.jpg>] [7] ("regs report.aux")

LaTeX Warning: There were undefined references.

 ) 
Here is how much of TeX's memory you used:
 1888 strings out of 95337
 21464 string characters out of 1183870
 71602 words of memory out of 1500000
 5080 multiletter control sequences out of 110000
 12015 words of font info for 45 fonts, out of 1200000 for 2000
 14 hyphenation exceptions out of 8191
 27i,16n,24p,652b,194s stack positions out of 5000i,500n,10000p,200000b,5000s
<C:/Program Files/MiKTeX 2.7/basic/fonts/type1/bluesky/cm/cmbx10.pfb><C:/Prog
ram Files/MiKTeX 2.7/basic/fonts/type1/bluesky/cm/cmbx12.pfb><C:/Program Files/
MiKTeX 2.7/basic/fonts/type1/bluesky/cm/cmex10.pfb><C:/Program Files/MiKTeX 2.7
/basic/fonts/type1/bluesky/cm/cmmi10.pfb><C:/Program Files/MiKTeX 2.7/basic/fon
ts/type1/bluesky/cm/cmmi8.pfb><C:/Program Files/MiKTeX 2.7/basic/fonts/type1/bl
uesky/cm/cmr10.pfb><C:/Program Files/MiKTeX 2.7/basic/fonts/type1/bluesky/cm/cm
r12.pfb><C:/Program Files/MiKTeX 2.7/basic/fonts/type1/bluesky/cm/cmr17.pfb><C:
/Program Files/MiKTeX 2.7/basic/fonts/type1/bluesky/cm/cmr6.pfb><C:/Program Fil
es/MiKTeX 2.7/basic/fonts/type1/bluesky/cm/cmr8.pfb><C:/Program Files/MiKTeX 2.
7/basic/fonts/type1/bluesky/cm/cmsy10.pfb><C:/Program Files/MiKTeX 2.7/basic/fo
nts/type1/bluesky/cm/cmsy8.pfb><C:/Program Files/MiKTeX 2.7/basic/fonts/type1/b
luesky/cm/cmti10.pfb><C:/Program Files/MiKTeX 2.7/basic/fonts/type1/bluesky/ams
/msbm10.pfb>
Output written on "regs report.pdf" (7 pages, 114844 bytes).
PDF statistics:
 84 PDF objects out of 1000 (max. 8388607)
 0 named destinations out of 1000 (max. 131072)
 11 words of extra memory for PDF output out of 10000 (max. 10000000)

